2025-12-15T19:18:29.678961 - --- START REPLACEMENT on Page 78 ---
2025-12-15T19:18:29.679877 - Input Start Anchor (200 chars): Assessment report 
EMA/464842/2024 
Page 78/195 

PD results of phase 2 Study B7841003 (extension of...
2025-12-15T19:18:29.751196 - Found 3 blocks on page.
2025-12-15T19:18:29.752009 - Block 0: ...
2025-12-15T19:18:29.752545 - Block 1: ...
2025-12-15T19:18:29.753301 - Block 2: ...
2025-12-15T19:18:29.753808 - Search Strategy: Checking pages [78, 77, 79]
2025-12-15T19:18:29.754243 - Scanning Page 78...
2025-12-15T19:18:29.755908 - Scanning Page 77...
2025-12-15T19:18:29.764316 - Found START via Prefix-20 on Page 77
2025-12-15T19:18:29.765141 - MATCH FOUND on Page 77: Start=5, End=5
2025-12-15T19:18:29.768975 - Replacing blocks 5 to 5
2025-12-15T19:18:29.769606 - Combined rect: Rect(56.025001525878906, 129.00498962402344, 476.8680114746094, 139.91299438476562)
2025-12-15T19:18:29.824102 - CRITICAL ERROR: 'Rect' object has no attribute 'area'
2025-12-15T19:26:22.164586 - --- START REPLACEMENT on Page 78 ---
2025-12-15T19:26:22.165291 - Input Start Anchor (200 chars): Assessment report 
EMA/464842/2024 
Page 78/195 

PD results of phase 2 Study B7841003 (extension of...
2025-12-15T19:26:22.180098 - Found 3 blocks on page.
2025-12-15T19:26:22.180697 - Block 0: ...
2025-12-15T19:26:22.181252 - Block 1: ...
2025-12-15T19:26:22.181862 - Block 2: ...
2025-12-15T19:26:22.182620 - Search Strategy: Checking pages [78, 77, 79]
2025-12-15T19:26:22.183103 - Scanning Page 78...
2025-12-15T19:26:22.184888 - Scanning Page 77...
2025-12-15T19:26:22.192088 - Found START via Prefix-20 on Page 77
2025-12-15T19:26:22.194031 - MATCH FOUND on Page 77: Start=5, End=5
2025-12-15T19:26:22.197793 - Replacing blocks 5 to 5
2025-12-15T19:26:22.245336 - Font size: 9.0
2025-12-15T19:26:22.475722 - Saved new PDF to C:\Intelli CMC Nexus_ Final V1\CMC_Review_P3_v_backup_last\CMC_Review_P3_v_backup\temp_pdfs\tmpwb0g7gtc.pdf
